Arguments: 
  /home/gaetano/.nvm/versions/node/v8.15.0/bin/node /home/gaetano/.nvm/versions/node/v8.15.0/bin/yarn init

PATH: 
  /home/gaetano/.opam/4.07.1/bin:/home/gaetano/.nvm/versions/node/v8.15.0/bin:/home/linuxbrew/.linuxbrew/bin:/home/gaetano/Android/Sdk:/home/gaetano/Android/Sdk/tools/bin:/home/gaetano/Android/Sdk/platform-tools:/home/gaetano/.atom/packages:/home/gaetano/.terraform:/home/gaetano/bin:/home/linuxbrew/.linuxbrew/bin:/home/gaetano/bin:/usr/local/bin:/usr/bin:/bin:/usr/local/games:/usr/games:/home/gaetano/.dotnet/tools:/home/gaetano/.fzf/bin

Yarn version: 
  1.13.0

Node version: 
  8.15.0

Platform: 
  linux x64

Trace: 
  Error: canceled
      at Interface.<anonymous> (/home/gaetano/.nvm/versions/node/v8.15.0/lib/node_modules/yarn/lib/cli.js:125657:13)
      at emitNone (events.js:106:13)
      at Interface.emit (events.js:208:7)
      at Interface._ttyWrite (readline.js:774:16)
      at ReadStream.onkeypress (readline.js:158:10)
      at emitTwo (events.js:126:13)
      at ReadStream.emit (events.js:214:7)
      at emitKeys (internal/readline.js:420:14)
      at emitKeys.next (<anonymous>)
      at ReadStream.onData (readline.js:1010:36)

npm manifest: 
  No manifest

yarn manifest: 
  No manifest

Lockfile: 
  No lockfile
